1695468699.695184 client started (21254): version 3.2a, socket /tmp/tmux-1000/default, protocol 8
1695468699.695199 on Linux 6.2.0-33-generic #33~22.04.1-Ubuntu SMP PREEMPT_DYNAMIC Thu Sep  7 10:33:52 UTC 2
1695468699.695203 using libevent 2.1.12-stable (poll); ncurses 6.3
1695468699.695211 flags are 0x10010000
1695468699.695214 socket is /tmp/tmux-1000/default
1695468699.695222 trying connect
1695468699.695254 add peer 0x559ecdee31b0: 6 ((nil))
1695468699.695362 sending message 100 to peer 0x559ecdee31b0 (4 bytes)
1695468699.695366 sending message 111 to peer 0x559ecdee31b0 (8 bytes)
1695468699.695369 sending message 101 to peer 0x559ecdee31b0 (16 bytes)
1695468699.695371 sending message 109 to peer 0x559ecdee31b0 (4 bytes)
1695468699.695374 sending message 102 to peer 0x559ecdee31b0 (11 bytes)
1695468699.695376 sending message 108 to peer 0x559ecdee31b0 (14 bytes)
1695468699.695379 sending message 112 to peer 0x559ecdee31b0 (70 bytes)
1695468699.695382 sending message 112 to peer 0x559ecdee31b0 (5 bytes)
1695468699.695384 sending message 112 to peer 0x559ecdee31b0 (5 bytes)
1695468699.695387 sending message 112 to peer 0x559ecdee31b0 (6 bytes)
1695468699.695389 sending message 112 to peer 0x559ecdee31b0 (6 bytes)
1695468699.695392 sending message 112 to peer 0x559ecdee31b0 (11 bytes)
1695468699.695394 sending message 112 to peer 0x559ecdee31b0 (10 bytes)
1695468699.695396 sending message 112 to peer 0x559ecdee31b0 (13 bytes)
1695468699.695399 sending message 112 to peer 0x559ecdee31b0 (13 bytes)
1695468699.695401 sending message 112 to peer 0x559ecdee31b0 (18 bytes)
1695468699.695404 sending message 112 to peer 0x559ecdee31b0 (11 bytes)
1695468699.695406 sending message 112 to peer 0x559ecdee31b0 (21 bytes)
1695468699.695408 sending message 112 to peer 0x559ecdee31b0 (13 bytes)
1695468699.695411 sending message 112 to peer 0x559ecdee31b0 (7 bytes)
1695468699.695413 sending message 112 to peer 0x559ecdee31b0 (13 bytes)
1695468699.695416 sending message 112 to peer 0x559ecdee31b0 (7 bytes)
1695468699.695419 sending message 112 to peer 0x559ecdee31b0 (13 bytes)
1695468699.695421 sending message 112 to peer 0x559ecdee31b0 (9 bytes)
1695468699.695424 sending message 112 to peer 0x559ecdee31b0 (21 bytes)
1695468699.695426 sending message 112 to peer 0x559ecdee31b0 (13 bytes)
1695468699.695429 sending message 112 to peer 0x559ecdee31b0 (8 bytes)
1695468699.695431 sending message 112 to peer 0x559ecdee31b0 (12 bytes)
1695468699.695433 sending message 112 to peer 0x559ecdee31b0 (13 bytes)
1695468699.695436 sending message 112 to peer 0x559ecdee31b0 (9 bytes)
1695468699.695438 sending message 112 to peer 0x559ecdee31b0 (9 bytes)
1695468699.695441 sending message 112 to peer 0x559ecdee31b0 (12 bytes)
1695468699.695443 sending message 112 to peer 0x559ecdee31b0 (8 bytes)
1695468699.695445 sending message 112 to peer 0x559ecdee31b0 (7 bytes)
1695468699.695448 sending message 112 to peer 0x559ecdee31b0 (7 bytes)
1695468699.695450 sending message 112 to peer 0x559ecdee31b0 (9 bytes)
1695468699.695453 sending message 112 to peer 0x559ecdee31b0 (13 bytes)
1695468699.695455 sending message 112 to peer 0x559ecdee31b0 (9 bytes)
1695468699.695458 sending message 112 to peer 0x559ecdee31b0 (15 bytes)
1695468699.695460 sending message 112 to peer 0x559ecdee31b0 (13 bytes)
1695468699.695463 sending message 112 to peer 0x559ecdee31b0 (12 bytes)
1695468699.695465 sending message 112 to peer 0x559ecdee31b0 (8 bytes)
1695468699.695467 sending message 112 to peer 0x559ecdee31b0 (14 bytes)
1695468699.695470 sending message 112 to peer 0x559ecdee31b0 (9 bytes)
1695468699.695472 sending message 112 to peer 0x559ecdee31b0 (10 bytes)
1695468699.695475 sending message 112 to peer 0x559ecdee31b0 (10 bytes)
1695468699.695477 sending message 112 to peer 0x559ecdee31b0 (10 bytes)
1695468699.695480 sending message 112 to peer 0x559ecdee31b0 (10 bytes)
1695468699.695482 sending message 112 to peer 0x559ecdee31b0 (11 bytes)
1695468699.695484 sending message 112 to peer 0x559ecdee31b0 (10 bytes)
1695468699.695487 sending message 112 to peer 0x559ecdee31b0 (8 bytes)
1695468699.695493 sending message 112 to peer 0x559ecdee31b0 (11 bytes)
1695468699.695495 sending message 112 to peer 0x559ecdee31b0 (11 bytes)
1695468699.695498 sending message 112 to peer 0x559ecdee31b0 (11 bytes)
1695468699.695500 sending message 112 to peer 0x559ecdee31b0 (8 bytes)
1695468699.695503 sending message 112 to peer 0x559ecdee31b0 (8 bytes)
1695468699.695505 sending message 112 to peer 0x559ecdee31b0 (8 bytes)
1695468699.695508 sending message 112 to peer 0x559ecdee31b0 (10 bytes)
1695468699.695510 sending message 112 to peer 0x559ecdee31b0 (10 bytes)
1695468699.695512 sending message 112 to peer 0x559ecdee31b0 (10 bytes)
1695468699.695515 sending message 112 to peer 0x559ecdee31b0 (10 bytes)
1695468699.695517 sending message 112 to peer 0x559ecdee31b0 (10 bytes)
1695468699.695520 sending message 112 to peer 0x559ecdee31b0 (11 bytes)
1695468699.695522 sending message 112 to peer 0x559ecdee31b0 (11 bytes)
1695468699.695524 sending message 112 to peer 0x559ecdee31b0 (10 bytes)
1695468699.695527 sending message 112 to peer 0x559ecdee31b0 (9 bytes)
1695468699.695529 sending message 112 to peer 0x559ecdee31b0 (9 bytes)
1695468699.695532 sending message 112 to peer 0x559ecdee31b0 (12 bytes)
1695468699.695534 sending message 112 to peer 0x559ecdee31b0 (9 bytes)
1695468699.695537 sending message 112 to peer 0x559ecdee31b0 (6 bytes)
1695468699.695539 sending message 112 to peer 0x559ecdee31b0 (13 bytes)
1695468699.695542 sending message 112 to peer 0x559ecdee31b0 (8 bytes)
1695468699.695544 sending message 112 to peer 0x559ecdee31b0 (15 bytes)
1695468699.695546 sending message 112 to peer 0x559ecdee31b0 (13 bytes)
1695468699.695549 sending message 112 to peer 0x559ecdee31b0 (70 bytes)
1695468699.695551 sending message 112 to peer 0x559ecdee31b0 (69 bytes)
1695468699.695554 sending message 112 to peer 0x559ecdee31b0 (10 bytes)
1695468699.695556 sending message 112 to peer 0x559ecdee31b0 (8 bytes)
1695468699.695559 sending message 112 to peer 0x559ecdee31b0 (15 bytes)
1695468699.695561 sending message 112 to peer 0x559ecdee31b0 (13 bytes)
1695468699.695564 sending message 112 to peer 0x559ecdee31b0 (10 bytes)
1695468699.695566 sending message 112 to peer 0x559ecdee31b0 (10 bytes)
1695468699.695568 sending message 112 to peer 0x559ecdee31b0 (5 bytes)
1695468699.695571 sending message 112 to peer 0x559ecdee31b0 (15 bytes)
1695468699.695574 sending message 104 to peer 0x559ecdee31b0 (0 bytes)
1695468699.695576 sending message 110 to peer 0x559ecdee31b0 (0 bytes)
1695468699.695579 sending message 107 to peer 0x559ecdee31b0 (4 bytes)
1695468699.695581 sending message 105 to peer 0x559ecdee31b0 (8 bytes)
1695468699.695584 sending message 105 to peer 0x559ecdee31b0 (18 bytes)
1695468699.695586 sending message 105 to peer 0x559ecdee31b0 (19 bytes)
1695468699.695588 sending message 105 to peer 0x559ecdee31b0 (20 bytes)
1695468699.695591 sending message 105 to peer 0x559ecdee31b0 (23 bytes)
1695468699.695593 sending message 105 to peer 0x559ecdee31b0 (95 bytes)
1695468699.695596 sending message 105 to peer 0x559ecdee31b0 (90 bytes)
1695468699.695598 sending message 105 to peer 0x559ecdee31b0 (44 bytes)
1695468699.695601 sending message 105 to peer 0x559ecdee31b0 (70 bytes)
1695468699.695603 sending message 105 to peer 0x559ecdee31b0 (24 bytes)
1695468699.695606 sending message 105 to peer 0x559ecdee31b0 (33 bytes)
1695468699.695608 sending message 105 to peer 0x559ecdee31b0 (32 bytes)
1695468699.695610 sending message 105 to peer 0x559ecdee31b0 (74 bytes)
1695468699.695613 sending message 105 to peer 0x559ecdee31b0 (41 bytes)
1695468699.695615 sending message 105 to peer 0x559ecdee31b0 (81 bytes)
1695468699.695618 sending message 105 to peer 0x559ecdee31b0 (28 bytes)
1695468699.695620 sending message 105 to peer 0x559ecdee31b0 (19 bytes)
1695468699.695623 sending message 105 to peer 0x559ecdee31b0 (23 bytes)
1695468699.695625 sending message 105 to peer 0x559ecdee31b0 (87 bytes)
1695468699.695628 sending message 105 to peer 0x559ecdee31b0 (17 bytes)
1695468699.695630 sending message 105 to peer 0x559ecdee31b0 (52 bytes)
1695468699.695633 sending message 105 to peer 0x559ecdee31b0 (23 bytes)
1695468699.695636 sending message 105 to peer 0x559ecdee31b0 (30 bytes)
1695468699.695639 sending message 105 to peer 0x559ecdee31b0 (23 bytes)
1695468699.695641 sending message 105 to peer 0x559ecdee31b0 (45 bytes)
1695468699.695644 sending message 105 to peer 0x559ecdee31b0 (27 bytes)
1695468699.695646 sending message 105 to peer 0x559ecdee31b0 (24 bytes)
1695468699.695649 sending message 105 to peer 0x559ecdee31b0 (23 bytes)
1695468699.695651 sending message 105 to peer 0x559ecdee31b0 (25 bytes)
1695468699.695653 sending message 105 to peer 0x559ecdee31b0 (39 bytes)
1695468699.695656 sending message 105 to peer 0x559ecdee31b0 (33 bytes)
1695468699.695658 sending message 105 to peer 0x559ecdee31b0 (19 bytes)
1695468699.695667 sending message 105 to peer 0x559ecdee31b0 (20 bytes)
1695468699.695671 sending message 105 to peer 0x559ecdee31b0 (53 bytes)
1695468699.695673 sending message 105 to peer 0x559ecdee31b0 (21 bytes)
1695468699.695676 sending message 105 to peer 0x559ecdee31b0 (116 bytes)
1695468699.695678 sending message 105 to peer 0x559ecdee31b0 (84 bytes)
1695468699.695681 sending message 105 to peer 0x559ecdee31b0 (27 bytes)
1695468699.695683 sending message 105 to peer 0x559ecdee31b0 (17 bytes)
1695468699.695686 sending message 105 to peer 0x559ecdee31b0 (33 bytes)
1695468699.695688 sending message 105 to peer 0x559ecdee31b0 (47 bytes)
1695468699.695690 sending message 105 to peer 0x559ecdee31b0 (24 bytes)
1695468699.695693 sending message 105 to peer 0x559ecdee31b0 (31 bytes)
1695468699.695695 sending message 105 to peer 0x559ecdee31b0 (53 bytes)
1695468699.695698 sending message 105 to peer 0x559ecdee31b0 (20 bytes)
1695468699.695700 sending message 105 to peer 0x559ecdee31b0 (15 bytes)
1695468699.695703 sending message 105 to peer 0x559ecdee31b0 (20 bytes)
1695468699.695705 sending message 105 to peer 0x559ecdee31b0 (16 bytes)
1695468699.695708 sending message 105 to peer 0x559ecdee31b0 (66 bytes)
1695468699.695710 sending message 105 to peer 0x559ecdee31b0 (39 bytes)
1695468699.695713 sending message 105 to peer 0x559ecdee31b0 (19 bytes)
1695468699.695715 sending message 105 to peer 0x559ecdee31b0 (65 bytes)
1695468699.695718 sending message 105 to peer 0x559ecdee31b0 (29 bytes)
1695468699.695720 sending message 105 to peer 0x559ecdee31b0 (18 bytes)
1695468699.695722 sending message 105 to peer 0x559ecdee31b0 (14 bytes)
1695468699.695725 sending message 105 to peer 0x559ecdee31b0 (17 bytes)
1695468699.695727 sending message 105 to peer 0x559ecdee31b0 (18 bytes)
1695468699.695730 sending message 105 to peer 0x559ecdee31b0 (20 bytes)
1695468699.695732 sending message 105 to peer 0x559ecdee31b0 (67 bytes)
1695468699.695735 sending message 105 to peer 0x559ecdee31b0 (44 bytes)
1695468699.695737 sending message 105 to peer 0x559ecdee31b0 (15 bytes)
1695468699.695740 sending message 105 to peer 0x559ecdee31b0 (41 bytes)
1695468699.695742 sending message 105 to peer 0x559ecdee31b0 (54 bytes)
1695468699.695745 sending message 105 to peer 0x559ecdee31b0 (33 bytes)
1695468699.695747 sending message 105 to peer 0x559ecdee31b0 (18 bytes)
1695468699.695750 sending message 105 to peer 0x559ecdee31b0 (109 bytes)
1695468699.695752 sending message 105 to peer 0x559ecdee31b0 (18 bytes)
1695468699.695755 sending message 105 to peer 0x559ecdee31b0 (16 bytes)
1695468699.695757 sending message 105 to peer 0x559ecdee31b0 (91 bytes)
1695468699.695759 sending message 105 to peer 0x559ecdee31b0 (90 bytes)
1695468699.695762 sending message 105 to peer 0x559ecdee31b0 (13 bytes)
1695468699.695764 sending message 105 to peer 0x559ecdee31b0 (36 bytes)
1695468699.695767 sending message 105 to peer 0x559ecdee31b0 (51 bytes)
1695468699.695769 sending message 105 to peer 0x559ecdee31b0 (20 bytes)
1695468699.695772 sending message 105 to peer 0x559ecdee31b0 (45 bytes)
1695468699.695774 sending message 105 to peer 0x559ecdee31b0 (11 bytes)
1695468699.695777 sending message 105 to peer 0x559ecdee31b0 (58 bytes)
1695468699.695779 sending message 105 to peer 0x559ecdee31b0 (13 bytes)
1695468699.695783 sending message 105 to peer 0x559ecdee31b0 (1519 bytes)
1695468699.695788 sending message 105 to peer 0x559ecdee31b0 (148 bytes)
1695468699.695791 sending message 105 to peer 0x559ecdee31b0 (26 bytes)
1695468699.695794 sending message 105 to peer 0x559ecdee31b0 (47 bytes)
1695468699.695797 sending message 105 to peer 0x559ecdee31b0 (56 bytes)
1695468699.695800 sending message 105 to peer 0x559ecdee31b0 (208 bytes)
1695468699.695804 sending message 105 to peer 0x559ecdee31b0 (51 bytes)
1695468699.695807 sending message 105 to peer 0x559ecdee31b0 (36 bytes)
1695468699.695810 sending message 105 to peer 0x559ecdee31b0 (67 bytes)
1695468699.695813 sending message 105 to peer 0x559ecdee31b0 (19 bytes)
1695468699.695817 sending message 105 to peer 0x559ecdee31b0 (160 bytes)
1695468699.695820 sending message 105 to peer 0x559ecdee31b0 (29 bytes)
1695468699.695823 sending message 105 to peer 0x559ecdee31b0 (13 bytes)
1695468699.695825 sending message 105 to peer 0x559ecdee31b0 (23 bytes)
1695468699.695827 sending message 105 to peer 0x559ecdee31b0 (21 bytes)
1695468699.695830 sending message 105 to peer 0x559ecdee31b0 (13 bytes)
1695468699.695832 sending message 105 to peer 0x559ecdee31b0 (16 bytes)
1695468699.695835 sending message 105 to peer 0x559ecdee31b0 (22 bytes)
1695468699.695837 sending message 105 to peer 0x559ecdee31b0 (41 bytes)
1695468699.695840 sending message 105 to peer 0x559ecdee31b0 (38 bytes)
1695468699.695842 sending message 105 to peer 0x559ecdee31b0 (21 bytes)
1695468699.695845 sending message 106 to peer 0x559ecdee31b0 (0 bytes)
1695468699.695848 sending message 200 to peer 0x559ecdee31b0 (4 bytes)
1695468699.695851 client loop enter
1695468699.696021 peer 0x559ecdee31b0 message 303
1695468699.696024 open write file 2 -
1695468699.696028 sending message 305 to peer 0x559ecdee31b0 (8 bytes)
1695468699.696032 write check file 2
1695468699.696060 peer 0x559ecdee31b0 message 304
1695468699.696062 write 58 to file 2
1695468699.696066 peer 0x559ecdee31b0 message 203
1695468699.696068 file 2 58 bytes left
1695468699.696073 write check file 2
1695468699.696076 client loop exit
